<?xml version="1.0" encoding="UTF-8"?>
<testsuite name="BirdSanctuaryTest" tests="1" skipped="0" failures="0" errors="0" timestamp="2021-05-27T04:22:54" hostname="MUDIRAJ" time="0.222">
  <properties/>
  <testcase name="AddBirdTest()" classname="BirdSanctuaryTest" time="0.222"/>
  <system-out><![CDATA[]]></system-out>
  <system-err><![CDATA[]]></system-err>
</testsuite>
